C:\USERS\SALMONMOOSE\DROPBOX\CANTON\CANTON\DEBUG\CANTON.EXE.INTERMEDIATE.MANIFEST
C:\USERS\SALMONMOOSE\DROPBOX\CANTON\CANTON\DEBUG\CANTON.OBJ
C:\USERS\SALMONMOOSE\DROPBOX\CANTON\CANTON\DEBUG\CANTON.RES
C:\Users\salmonmoose\Dropbox\canton\Canton\Debug\cl.command.1.tlog
C:\Users\salmonmoose\Dropbox\canton\Canton\Debug\CL.read.1.tlog
C:\Users\salmonmoose\Dropbox\canton\Canton\Debug\CL.write.1.tlog
C:\Users\salmonmoose\Dropbox\canton\Canton\Debug\link.command.1.tlog
C:\Users\salmonmoose\Dropbox\canton\Canton\Debug\link.read.1.tlog
C:\Users\salmonmoose\Dropbox\canton\Canton\Debug\link.write.1.tlog
C:\Users\salmonmoose\Dropbox\canton\Canton\Debug\link-cvtres.read.1.tlog
C:\Users\salmonmoose\Dropbox\canton\Canton\Debug\link-cvtres.write.1.tlog
C:\USERS\SALMONMOOSE\DROPBOX\CANTON\CANTON\DEBUG\MARCHINGCUBES.OBJ
C:\Users\salmonmoose\Dropbox\canton\Canton\Debug\mt.command.1.tlog
C:\Users\salmonmoose\Dropbox\canton\Canton\Debug\mt.read.1.tlog
C:\Users\salmonmoose\Dropbox\canton\Canton\Debug\mt.write.1.tlog
C:\Users\salmonmoose\Dropbox\canton\Canton\Debug\rc.command.1.tlog
C:\Users\salmonmoose\Dropbox\canton\Canton\Debug\rc.read.1.tlog
C:\Users\salmonmoose\Dropbox\canton\Canton\Debug\rc.write.1.tlog
C:\Users\salmonmoose\Dropbox\canton\Canton\Debug\vc100.idb
C:\USERS\SALMONMOOSE\DROPBOX\CANTON\CANTON\DEBUG\VC100.PDB
C:\USERS\SALMONMOOSE\DROPBOX\CANTON\DEBUG\CANTON.EXE
C:\USERS\SALMONMOOSE\DROPBOX\CANTON\DEBUG\CANTON.ILK
C:\USERS\SALMONMOOSE\DROPBOX\CANTON\DEBUG\CANTON.PDB
